<?xml version="1.0" encoding="UTF-8"?>
<testng-results ignored="0" total="3" passed="3" failed="0" skipped="0">
  <reporter-output>
  </reporter-output>
  <suite started-at="2023-03-09T01:00:53 IST" name="Suite" finished-at="2023-03-09T01:01:27 IST" duration-ms="34469">
    <groups>
    </groups>
    <test started-at="2023-03-09T01:00:53 IST" name="Test" finished-at="2023-03-09T01:01:27 IST" duration-ms="34469">
      <class name="testing.test">
        <test-method is-config="true" signature="test0()[pri:0, instance:testing.test@14028087]" started-at="2023-03-09T01:00:53 IST" name="test0" finished-at="2023-03-09T01:01:02 IST" duration-ms="9759" status="PASS">
          <reporter-output>
          </reporter-output>
        </test-method> <!-- test0 -->
        <test-method signature="test1()[pri:0, instance:testing.test@14028087]" started-at="2023-03-09T01:01:02 IST" name="test1" finished-at="2023-03-09T01:01:04 IST" duration-ms="1603" status="PASS">
          <reporter-output>
          </reporter-output>
        </test-method> <!-- test1 -->
        <test-method is-config="true" signature="testFinal()[pri:0, instance:testing.test@14028087]" started-at="2023-03-09T01:01:04 IST" name="testFinal" finished-at="2023-03-09T01:01:05 IST" duration-ms="940" status="PASS">
          <reporter-output>
          </reporter-output>
        </test-method> <!-- testFinal -->
        <test-method is-config="true" signature="test0()[pri:0, instance:testing.test@14028087]" started-at="2023-03-09T01:01:05 IST" name="test0" finished-at="2023-03-09T01:01:15 IST" duration-ms="10431" status="PASS">
          <reporter-output>
          </reporter-output>
        </test-method> <!-- test0 -->
        <test-method signature="test2()[pri:0, instance:testing.test@14028087]" started-at="2023-03-09T01:01:15 IST" name="test2" finished-at="2023-03-09T01:01:16 IST" duration-ms="412" status="PASS">
          <reporter-output>
          </reporter-output>
        </test-method> <!-- test2 -->
        <test-method is-config="true" signature="testFinal()[pri:0, instance:testing.test@14028087]" started-at="2023-03-09T01:01:16 IST" name="testFinal" finished-at="2023-03-09T01:01:17 IST" duration-ms="970" status="PASS">
          <reporter-output>
          </reporter-output>
        </test-method> <!-- testFinal -->
        <test-method is-config="true" signature="test0()[pri:0, instance:testing.test@14028087]" started-at="2023-03-09T01:01:17 IST" name="test0" finished-at="2023-03-09T01:01:26 IST" duration-ms="8903" status="PASS">
          <reporter-output>
          </reporter-output>
        </test-method> <!-- test0 -->
        <test-method signature="test3()[pri:0, instance:testing.test@14028087]" started-at="2023-03-09T01:01:26 IST" name="test3" finished-at="2023-03-09T01:01:26 IST" duration-ms="392" status="PASS">
          <reporter-output>
          </reporter-output>
        </test-method> <!-- test3 -->
        <test-method is-config="true" signature="testFinal()[pri:0, instance:testing.test@14028087]" started-at="2023-03-09T01:01:26 IST" name="testFinal" finished-at="2023-03-09T01:01:27 IST" duration-ms="971" status="PASS">
          <reporter-output>
          </reporter-output>
        </test-method> <!-- testFinal -->
      </class> <!-- testing.test -->
    </test> <!-- Test -->
  </suite> <!-- Suite -->
</testng-results>
